<?xml version="1.0" encoding="UTF-8"?>
<!-- Generated by org.testng.reporters.JUnitXMLReporter -->
<testsuite ignored="0" hostname="Gowtham" failures="1" tests="2" name="Validations" time="42.457" errors="0" timestamp="2024-03-06T00:13:30 IST">
  <testcase classname="GowthamProject.Tests.Error_Validation" name="ErrorValidations" time="1.258">
    <skipped/>
  </testcase> <!-- ErrorValidations -->
  <testcase classname="GowthamProject.Tests.Error_Validation" name="ErrorValidations" time="2.446">
    <failure type="java.lang.AssertionError" message="expected [Incorrect email or password.] but found [Incorrect email  password.]">
      <![CDATA[java.lang.AssertionError: expected [Incorrect email or password.] but found [Incorrect email  password.]
at GowthamProject.Tests.Error_Validation.ErrorValidations(Error_Validation.java:27)
at java.base/java.util.ArrayList.forEach(ArrayList.java:1511)
at java.base/java.util.concurrent.FutureTask.run(FutureTask.java:264)
at java.base/java.util.concurrent.ThreadPoolExecutor.runWorker(ThreadPoolExecutor.java:1136)
at java.base/java.util.concurrent.ThreadPoolExecutor$Worker.run(ThreadPoolExecutor.java:635)
at java.base/java.lang.Thread.run(Thread.java:840)
... Removed 23 stack frames]]>
    </failure>
  </testcase> <!-- ErrorValidations -->
</testsuite> <!-- Validations -->
